This is pdfTeX, Version 3.141592653-2.6-1.40.25 (TeX Live 2023/Debian) (preloaded format=pdflatex 2026.5.27)  12 JUN 2026 08:07
entering extended mode
 restricted \write18 enabled.
 file:line:error style messages enabled.
 %&-line parsing enabled.
**/home/kinaj/Documents/cortex/large_scale_opt/zpracovane_prednasky.tex
(/home/kinaj/Documents/cortex/large_scale_opt/zpracovane_prednasky.tex
LaTeX2e <2023-11-01> patch level 1
L3 programming layer <2024-01-22>
(/usr/share/texlive/texmf-dist/tex/latex/base/article.cls
Document Class: article 2023/05/17 v1.4n Standard LaTeX document class
(/usr/share/texlive/texmf-dist/tex/latex/base/size12.clo
File: size12.clo 2023/05/17 v1.4n Standard LaTeX file (size option)
)
\c@part=\count187
\c@section=\count188
\c@subsection=\count189
\c@subsubsection=\count190
\c@paragraph=\count191
\c@subparagraph=\count192
\c@figure=\count193
\c@table=\count194
\abovecaptionskip=\skip48
\belowcaptionskip=\skip49
\bibindent=\dimen140
) (/usr/share/texlive/texmf-dist/tex/latex/base/inputenc.sty
Package: inputenc 2021/02/14 v1.3d Input encoding file
\inpenc@prehook=\toks17
\inpenc@posthook=\toks18
) (/usr/share/texlive/texmf-dist/tex/generic/babel/babel.sty
Package: babel 2024/01/07 v24.1 The Babel package
\babel@savecnt=\count195
\U@D=\dimen141
\l@unhyphenated=\language53
 (/usr/share/texlive/texmf-dist/tex/generic/babel/txtbabel.def)
\bbl@readstream=\read2
\bbl@dirlevel=\count196
 (/usr/share/texlive/texmf-dist/tex/generic/babel-czech/czech.ldf
Language: czech 2008/07/06 v3.1a Czech support from the babel system
Package babel Info: Making " an active character on input line 172.
\cs@wordlen=\count197
Package babel Info: Making - an active character on input line 226.
)) (/usr/share/texlive/texmf-dist/tex/generic/babel/locale/cs/babel-czech.tex
Package babel Info: Importing font and identification data for czech
(babel)             from babel-cs.ini. Reported on input line 11.
) (/usr/share/texlive/texmf-dist/tex/latex/amsmath/amsmath.sty
Package: amsmath 2023/05/13 v2.17o AMS math features
\@mathmargin=\skip50

For additional information on amsmath, use the `?' option.
(/usr/share/texlive/texmf-dist/tex/latex/amsmath/amstext.sty
Package: amstext 2021/08/26 v2.01 AMS text
 (/usr/share/texlive/texmf-dist/tex/latex/amsmath/amsgen.sty
File: amsgen.sty 1999/11/30 v2.0 generic functions
\@emptytoks=\toks19
\ex@=\dimen142
)) (/usr/share/texlive/texmf-dist/tex/latex/amsmath/amsbsy.sty
Package: amsbsy 1999/11/29 v1.2d Bold Symbols
\pmbraise@=\dimen143
) (/usr/share/texlive/texmf-dist/tex/latex/amsmath/amsopn.sty
Package: amsopn 2022/04/08 v2.04 operator names
)
\inf@bad=\count198
LaTeX Info: Redefining \frac on input line 234.
\uproot@=\count199
\leftroot@=\count266
LaTeX Info: Redefining \overline on input line 399.
LaTeX Info: Redefining \colon on input line 410.
\classnum@=\count267
\DOTSCASE@=\count268
LaTeX Info: Redefining \ldots on input line 496.
LaTeX Info: Redefining \dots on input line 499.
LaTeX Info: Redefining \cdots on input line 620.
\Mathstrutbox@=\box51
\strutbox@=\box52
LaTeX Info: Redefining \big on input line 722.
LaTeX Info: Redefining \Big on input line 723.
LaTeX Info: Redefining \bigg on input line 724.
LaTeX Info: Redefining \Bigg on input line 725.
\big@size=\dimen144
LaTeX Font Info:    Redeclaring font encoding OML on input line 743.
LaTeX Font Info:    Redeclaring font encoding OMS on input line 744.
\macc@depth=\count269
LaTeX Info: Redefining \bmod on input line 905.
LaTeX Info: Redefining \pmod on input line 910.
LaTeX Info: Redefining \smash on input line 940.
LaTeX Info: Redefining \relbar on input line 970.
LaTeX Info: Redefining \Relbar on input line 971.
\c@MaxMatrixCols=\count270
\dotsspace@=\muskip16
\c@parentequation=\count271
\dspbrk@lvl=\count272
\tag@help=\toks20
\row@=\count273
\column@=\count274
\maxfields@=\count275
\andhelp@=\toks21
\eqnshift@=\dimen145
\alignsep@=\dimen146
\tagshift@=\dimen147
\tagwidth@=\dimen148
\totwidth@=\dimen149
\lineht@=\dimen150
\@envbody=\toks22
\multlinegap=\skip51
\multlinetaggap=\skip52
\mathdisplay@stack=\toks23
LaTeX Info: Redefining \[ on input line 2953.
LaTeX Info: Redefining \] on input line 2954.
) (/usr/share/texlive/texmf-dist/tex/latex/amsfonts/amssymb.sty
Package: amssymb 2013/01/14 v3.01 AMS font symbols
 (/usr/share/texlive/texmf-dist/tex/latex/amsfonts/amsfonts.sty
Package: amsfonts 2013/01/14 v3.01 Basic AMSFonts support
\symAMSa=\mathgroup4
\symAMSb=\mathgroup5
LaTeX Font Info:    Redeclaring math symbol \hbar on input line 98.
LaTeX Font Info:    Overwriting math alphabet `\mathfrak' in version `bold'
(Font)                  U/euf/m/n --> U/euf/b/n on input line 106.
)) (/usr/share/texlive/texmf-dist/tex/latex/amscls/amsthm.sty
Package: amsthm 2020/05/29 v2.20.6
\thm@style=\toks24
\thm@bodyfont=\toks25
\thm@headfont=\toks26
\thm@notefont=\toks27
\thm@headpunct=\toks28
\thm@preskip=\skip53
\thm@postskip=\skip54
\thm@headsep=\skip55
\dth@everypar=\toks29
) (/usr/share/texlive/texmf-dist/tex/latex/algorithms/algorithm.sty
Package: algorithm 2009/08/24 v0.1 Document Style `algorithm' - floating environment
 (/usr/share/texlive/texmf-dist/tex/latex/float/float.sty
Package: float 2001/11/08 v1.3d Float enhancements (AL)
\c@float@type=\count276
\float@exts=\toks30
\float@box=\box53
\@float@everytoks=\toks31
\@floatcapt=\box54
) (/usr/share/texlive/texmf-dist/tex/latex/base/ifthen.sty
Package: ifthen 2022/04/13 v1.1d Standard LaTeX ifthen package (DPC)
)
\@float@every@algorithm=\toks32
\c@algorithm=\count277
) (/usr/share/texlive/texmf-dist/tex/latex/algorithms/algorithmic.sty
Package: algorithmic 2009/08/24 v0.1 Document Style `algorithmic'
 (/usr/share/texlive/texmf-dist/tex/latex/graphics/keyval.sty
Package: keyval 2022/05/29 v1.15 key=value parser (DPC)
\KV@toks@=\toks33
)
\c@ALC@unique=\count278
\c@ALC@line=\count279
\c@ALC@rem=\count280
\c@ALC@depth=\count281
\ALC@tlm=\skip56
\algorithmicindent=\skip57
) (/usr/share/texlive/texmf-dist/tex/latex/geometry/geometry.sty
Package: geometry 2020/01/02 v5.9 Page Geometry
 (/usr/share/texlive/texmf-dist/tex/generic/iftex/ifvtex.sty
Package: ifvtex 2019/10/25 v1.7 ifvtex legacy package. Use iftex instead.
 (/usr/share/texlive/texmf-dist/tex/generic/iftex/iftex.sty
Package: iftex 2022/02/03 v1.0f TeX engine tests
))
\Gm@cnth=\count282
\Gm@cntv=\count283
\c@Gm@tempcnt=\count284
\Gm@bindingoffset=\dimen151
\Gm@wd@mp=\dimen152
\Gm@odd@mp=\dimen153
\Gm@even@mp=\dimen154
\Gm@layoutwidth=\dimen155
\Gm@layoutheight=\dimen156
\Gm@layouthoffset=\dimen157
\Gm@layoutvoffset=\dimen158
\Gm@dimlist=\toks34
)
\c@definition=\count285
 (/usr/share/texlive/texmf-dist/tex/latex/l3backend/l3backend-pdftex.def
File: l3backend-pdftex.def 2024-01-04 L3 backend support: PDF output (pdfTeX)
\l__color_backend_stack_int=\count286
\l__pdf_internal_box=\box55
) (./zpracovane_prednasky.aux)
\openout1 = `zpracovane_prednasky.aux'.

LaTeX Font Info:    Checking defaults for OML/cmm/m/it on input line 17.
LaTeX Font Info:    ... okay on input line 17.
LaTeX Font Info:    Checking defaults for OMS/cmsy/m/n on input line 17.
LaTeX Font Info:    ... okay on input line 17.
LaTeX Font Info:    Checking defaults for OT1/cmr/m/n on input line 17.
LaTeX Font Info:    ... okay on input line 17.
LaTeX Font Info:    Checking defaults for T1/cmr/m/n on input line 17.
LaTeX Font Info:    ... okay on input line 17.
LaTeX Font Info:    Checking defaults for TS1/cmr/m/n on input line 17.
LaTeX Font Info:    ... okay on input line 17.
LaTeX Font Info:    Checking defaults for OMX/cmex/m/n on input line 17.
LaTeX Font Info:    ... okay on input line 17.
LaTeX Font Info:    Checking defaults for U/cmr/m/n on input line 17.
LaTeX Font Info:    ... okay on input line 17.

*geometry* driver: auto-detecting
*geometry* detected driver: pdftex
*geometry* verbose mode - [ preamble ] result:
* driver: pdftex
* paper: a4paper
* layout: <same size as paper>
* layoutoffset:(h,v)=(0.0pt,0.0pt)
* modes: 
* h-part:(L,W,R)=(71.13188pt, 455.24411pt, 71.13188pt)
* v-part:(T,H,B)=(71.13188pt, 702.78308pt, 71.13188pt)
* \paperwidth=597.50787pt
* \paperheight=845.04684pt
* \textwidth=455.24411pt
* \textheight=702.78308pt
* \oddsidemargin=-1.1381pt
* \evensidemargin=-1.1381pt
* \topmargin=-38.1381pt
* \headheight=12.0pt
* \headsep=25.0pt
* \topskip=12.0pt
* \footskip=30.0pt
* \marginparwidth=35.0pt
* \marginparsep=10.0pt
* \columnsep=10.0pt
* \skip\footins=10.8pt plus 4.0pt minus 2.0pt
* \hoffset=0.0pt
* \voffset=0.0pt
* \mag=1000
* \@twocolumnfalse
* \@twosidefalse
* \@mparswitchfalse
* \@reversemarginfalse
* (1in=72.27pt=25.4mm, 1cm=28.453pt)

LaTeX Font Info:    Trying to load font information for U+msa on input line 19.
(/usr/share/texlive/texmf-dist/tex/latex/amsfonts/umsa.fd
File: umsa.fd 2013/01/14 v3.01 AMS symbols A
)
LaTeX Font Info:    Trying to load font information for U+msb on input line 19.
 (/usr/share/texlive/texmf-dist/tex/latex/amsfonts/umsb.fd
File: umsb.fd 2013/01/14 v3.01 AMS symbols B
) [1

{/var/lib/texmf/fonts/map/pdftex/updmap/pdftex.map}] [2]
LaTeX Font Info:    Trying to load font information for OMS+cmr on input line 113.
 (/usr/share/texlive/texmf-dist/tex/latex/base/omscmr.fd
File: omscmr.fd 2023/04/13 v2.5m Standard LaTeX font definitions
)
LaTeX Font Info:    Font shape `OMS/cmr/m/n' in size <12> not available
(Font)              Font shape `OMS/cmsy/m/n' tried instead on input line 113.

Overfull \hbox (21.48563pt too wide) in paragraph at lines 136--137
\OT1/cmr/m/n/12 (tzv. uphill mo-ves) v z^^Savislosti na pa-ra-me-tru tep-loty $\OML/cmm/m/it/12 T[]$ \OT1/cmr/m/n/12 a rozd^^S^^Plu $\OML/cmm/m/it/12 f\OT1/cmr/m/n/12 (\OML/cmm/m/it/12 s[]\OT1/cmr/m/n/12 ) \OMS/cmsy/m/n/12 ^^@ \OML/cmm/m/it/12 f\OT1/cmr/m/n/12 (\OML/cmm/m/it/12 s\OT1/cmr/m/n/12 )$. Pravd^^Tepodobnost
 []

[3] [4]
Overfull \hbox (32.19582pt too wide) in paragraph at lines 231--231
[]\OT1/cmr/bx/n/17.28 P^^Tredn^^Sa^^Tska 2 - Evolu^^Tcn^^S^^P a me-me-tick^^Se al-go-ritmy, Exaktn^^S^^P
 []

[5]
Overfull \hbox (6.13443pt too wide) in paragraph at lines 253--254
\OT1/cmr/m/n/12 Za^^Tclen^^Ten^^S^^Pm heu-ris-tik lok^^Saln^^S^^Pho pro-hled^^Sav^^San^^S^^P do sto-chas-tick^^Seho glob^^Saln^^S^^Pho hled^^San^^S^^P pom^^Sahaj^^S^^P
 []

[6]
Overfull \hbox (14.7994pt too wide) in paragraph at lines 289--290
[]\OT1/cmr/bx/n/12 Lamarckovsk^^Sy p^^Tr^^S^^Pstup (La-marckian evo-lu-tion): \OT1/cmr/m/n/12 P^^Tredpokl^^Sad^^Sa, ^^Tze nau^^Tcen^^Se chov^^San^^S^^P
 []

[7{/usr/share/texmf/fonts/enc/dvips/cm-super/cm-super-ts1.enc}]
Overfull \hbox (2.38707pt too wide) in paragraph at lines 304--304
[]\OT1/cmr/bx/n/14.4 Nep^^Tr^^S^^Pm^^Sa a ne^^Supln^^Sa re-pre-zen-tace ^^Tre^^Tsen^^S^^P (In-com-plete/indirect
 []


Overfull \hbox (4.97176pt too wide) in paragraph at lines 308--309
\OT1/cmr/m/n/12 prov^^Sad^^S^^P trans-for-maci zak^^Sodovan^^Seho ^^Tre^^Tsen^^S^^P a zaji^^Tst[]uje do-pln^^Ten^^S^^P chyb^^Tej^^S^^Pc^^S^^Pch ^^Tc^^Sast^^S^^P. De-kod^^Serem
 []


Overfull \hbox (0.50354pt too wide) in paragraph at lines 316--317
[]\OT1/cmr/bx/n/12 Minimum Distance Heu-ris-tic (MDH): \OT1/cmr/m/n/12 Pro ka^^Tzd^^Sy clus-ter vy-bere uzel s nejni^^Tz^^Ts^^S^^Pm
 []

[8]
Overfull \hbox (9.94275pt too wide) in paragraph at lines 356--357
\OT1/cmr/m/n/12 Du^^Saln^^S^^P p^^Tr^^S^^Pstup k NSB. []Re^^Tsen^^S^^P je zde ne^^Supln^^Te re-pre-zen-tov^^Sano jako strom slo^^Tzen^^Sy z "glob^^Saln^^S^^Pch
 []

[9]
Overfull \hbox (17.8479pt too wide) in paragraph at lines 369--370
[]\OT1/cmr/bx/n/12 GEEN (Glo-bal Edge Ex-change Ne-i-ghbor-hood): \OT1/cmr/m/n/12 Okol^^S^^P ob-sa-huje v^^Tsechny p^^Tr^^S^^Ppustn^^Se
 []

[10]
Overfull \hbox (1.90588pt too wide) in paragraph at lines 401--402
\OT1/cmr/m/n/12 n^^Sahodn^^Sych tah^^Wu v NEN n^^Sasledovan^^Sych $\OML/cmm/m/it/12 k$ \OT1/cmr/m/n/12 n^^Sahodn^^Symi tahy v GEEN ($\OML/cmm/m/it/12 k \OT1/cmr/m/n/12 = 2\OML/cmm/m/it/12 ; [] ; k[]$\OT1/cmr/m/n/12 ).
 []

[11]
Overfull \hbox (17.41237pt too wide) in paragraph at lines 449--450
\OT1/cmr/m/n/12 do jedn^^Se ome-zen^^Se mno^^Tziny $\OML/cmm/m/it/12 C[]$\OT1/cmr/m/n/12 , kter^^Sa p^^Tredstavuje na^^Tsi zre-du-ko-va-nou in-stanci probl^^Semu. 
 []

[12]
Overfull \hbox (6.9379pt too wide) in paragraph at lines 494--494
[]\OT1/cmr/bx/n/12 Probabilistic so-lu-tion ge-ne-ration (Pravd^^Tepodobnostn^^S^^P ge-ne-rov^^San^^S^^P ^^Tre^^Tsen^^S^^P) 
 []


Overfull \hbox (7.52698pt too wide) in paragraph at lines 507--508
[]\OT1/cmr/m/n/12 Trik CMSA spo^^Tc^^S^^Pv^^Sa v tom, ^^Tze ^^Tre^^Tsi^^Tci (nap^^Tr. CPLEXu) p^^Tred^^Same **v^^Syhradn^^Te** pod^^Tret^^Tezce,
 []

[13] [14]
Overfull \hbox (4.96877pt too wide) in paragraph at lines 565--566
\OT1/cmr/m/n/12 F^^Saze de-strukce se ^^Tr^^S^^Pd^^S^^P pod^^S^^Plem $\OML/cmm/m/it/12 perc[]$\OT1/cmr/m/n/12 , kter^^Sy ur^^Tcuje pro-cento uzl^^Wu k od-stran^^Ten^^S^^P z aktu^^Saln^^S^^Pho
 []


Overfull \hbox (7.58217pt too wide) in paragraph at lines 575--576
\OT1/cmr/m/n/12 Hodnota $\OML/cmm/m/it/12 perc[]$ \OT1/cmr/m/n/12 se v pr^^Wub^^Tehu ite-rac^^S^^P dy-na-micky adap-tuje. Po-kud al-go-rit-mus na-jde zlep^^Tsen^^S^^P,
 []

[15]
Overfull \hbox (9.61775pt too wide) in paragraph at lines 610--610
[]\OT1/cmr/bx/n/17.28 P^^Tredn^^Sa^^Tska 6 - Pa-ra-leln^^S^^P a nez^^Savisl^^Sa kon-strukce ^^Tre^^Tsen^^S^^P
 []

[16]
Overfull \hbox (20.97815pt too wide) in paragraph at lines 653--654
[]\OT1/cmr/m/n/12 ILP mo-del vyu^^Tz^^S^^Pv^^Sa bin^^Sarn^^S^^P prom^^Tenn^^Se $\OML/cmm/m/it/12 x[] \OMS/cmsy/m/n/12 2 f\OT1/cmr/m/n/12 0\OML/cmm/m/it/12 ; \OT1/cmr/m/n/12 1\OMS/cmsy/m/n/12 g$\OT1/cmr/m/n/12 : $[] [][] \OML/cmm/m/it/12 p[]x[]$ \OT1/cmr/m/n/12 za podm^^S^^Pnek $[][] \OML/cmm/m/it/12 r[]x[] \OMS/cmsy/m/n/12 ^^T
 []

[17]
Overfull \hbox (1.24539pt too wide) in paragraph at lines 663--666
\OT1/cmr/bx/n/12 pro-gra-mo-vac^^S^^P (LP) re-la-xace \OT1/cmr/m/n/12 p^^Wuvodn^^S^^Pho ILP mo-delu ^^Tre^^Tsen^^Sa exaktn^^Te (nap^^Tr. CPLEXem).
 []


Overfull \hbox (34.32321pt too wide) in paragraph at lines 681--682
\OT1/cmr/m/n/12 Tento al-go-rit-mus p^^Tredstavuje hlavn^^S^^P smy^^Tcku ^^Tcist^^Seho ACO p^^Tr^^S^^Pstupu (pure-ACO) pro v^^S^^Pcerozm^^Tern^^Sy
 []


Underfull \hbox (badness 10000) in paragraph at lines 687--688
[]\OT1/cmr/bx/n/12 Vstup: \OT1/cmr/m/n/12 In-stance probl^^Semu MKP, pa-ra-me-try $\OML/cmm/m/it/12 d[]; l[]; n[]$ \OT1/cmr/m/n/12 (po^^Tcet mra-
 []


Underfull \hbox (badness 3690) in paragraph at lines 710--711
[] []$[]\OT1/cmr/m/n/12 (\OML/cmm/m/it/12 cf; bs[]update; \OT1/cmr/m/n/12 ^^G\OML/cmm/m/it/12 ; S[]; S[]; S[]\OT1/cmr/m/n/12 )$ \OT1/cmr/m/it/12 // P^^Trid^^Sa fe-ro-mony na
 []

[18]
Overfull \hbox (6.51701pt too wide) in paragraph at lines 731--731
[]\OT1/cmr/bx/n/14.4 Hybridizace kon-struk-tivn^^S^^Pch me-ta-heu-ris-tik a Con-stra-int Pro-
 []

[19]
Overfull \hbox (3.05168pt too wide) in paragraph at lines 747--748
[]\OT1/cmr/bx/n/12 Inicializace: \OT1/cmr/m/n/12 Vy-tvo^^Tr^^S^^P se CP mo-del s prom^^Tenn^^Symi a je-jich dom^^Senami (v^^Tsemi mo^^Tzn^^Symi
 []

[20]
Overfull \hbox (18.33023pt too wide) in paragraph at lines 778--778
\OT1/cmr/bx/n/14.4 p^^Tr^^S^^Ppravy (Ma-chine Sche-du-ling with Sequence-dependent Setup
 []


Overfull \hbox (9.18367pt too wide) in paragraph at lines 796--796
[]\OT1/cmr/bx/n/17.28 P^^Tredn^^Sa^^Tska 8 - Hyb-ri-di-zace zalo^^Tzen^^Sa na kom-pletn^^S^^Pch
 []

[21] [22]
Overfull \hbox (7.89467pt too wide) in paragraph at lines 853--854
[]\OT1/cmr/m/n/12 Z^^Sasadn^^S^^Pm a extr^^Semn^^Te siln^^Sym vy-lep^^Tsen^^S^^Pm Trie ar-chivu je v^^Tsak p^^Trid^^San^^S^^P kon-ceptu \OT1/cmr/bx/n/12 ur^^Tcov^^San^^S^^P
 []

[23]
Overfull \hbox (5.55775pt too wide) in paragraph at lines 866--866
[]\OT1/cmr/bx/n/17.28 P^^Tredn^^Sa^^Tska 9 - Hyper-heuristiky (Hyper-heuristics) 
 []


Overfull \hbox (3.2924pt too wide) in paragraph at lines 879--879
[]\OT1/cmr/bx/n/14.4 Aplikace 1: V^^Syb^^Terov^^Se hyper-heuristiky pro roz-vr-hov^^San^^S^^P (Ti-
 []

[24] [25] [26] (./zpracovane_prednasky.aux)
 ***********
LaTeX2e <2023-11-01> patch level 1
L3 programming layer <2024-01-22>
 ***********
 ) 
Here is how much of TeX's memory you used:
 3991 strings out of 475277
 61904 string characters out of 5768622
 1944975 words of memory out of 5000000
 26050 multiletter control sequences out of 15000+600000
 568386 words of font info for 75 fonts, out of 8000000 for 9000
 473 hyphenation exceptions out of 8191
 57i,10n,65p,773b,664s stack positions out of 10000i,1000n,20000p,200000b,200000s
</usr/share/texlive/texmf-dist/fonts/type1/public/amsfonts/cm/cmbx12.pfb></usr/share/texlive/texmf-dist/fonts/type1/public/amsfonts/cm/cmex10.pfb></usr/share/texlive/texmf-dist/fonts/type1/public/amsfonts/cm/cmmi12.pfb></usr/share/texlive/texmf-dist/fonts/type1/public/amsfonts/cm/cmmi6.pfb></usr/share/texlive/texmf-dist/fonts/type1/public/amsfonts/cm/cmmi8.pfb></usr/share/texlive/texmf-dist/fonts/type1/public/amsfonts/cm/cmr10.pfb></usr/share/texlive/texmf-dist/fonts/type1/public/amsfonts/cm/cmr12.pfb></usr/share/texlive/texmf-dist/fonts/type1/public/amsfonts/cm/cmr17.pfb></usr/share/texlive/texmf-dist/fonts/type1/public/amsfonts/cm/cmr8.pfb></usr/share/texlive/texmf-dist/fonts/type1/public/amsfonts/cm/cmsy10.pfb></usr/share/texlive/texmf-dist/fonts/type1/public/amsfonts/cm/cmsy6.pfb></usr/share/texlive/texmf-dist/fonts/type1/public/amsfonts/cm/cmsy8.pfb></usr/share/texlive/texmf-dist/fonts/type1/public/amsfonts/cm/cmti12.pfb></usr/share/texlive/texmf-dist/fonts/type1/public/amsfonts/cm/cmtt12.pfb></usr/share/texlive/texmf-dist/fonts/type1/public/amsfonts/symbols/msbm10.pfb></usr/share/texmf/fonts/type1/public/cm-super/sfrm1200.pfb>
Output written on zpracovane_prednasky.pdf (26 pages, 288576 bytes).
PDF statistics:
 170 PDF objects out of 1000 (max. 8388607)
 108 compressed objects within 2 object streams
 0 named destinations out of 1000 (max. 500000)
 1 words of extra memory for PDF output out of 10000 (max. 10000000)

